#
# A fatal error has been detected by the Java Runtime Environment:
#
#  EXCEPTION_ACCESS_VIOLATION (0xc0000005) at pc=0xffffffffa3395120, pid=4788, tid=6332
#
# JRE version: Java(TM) SE Runtime Environment (8.0_05-b13) (build 1.8.0_05-b13)
# Java VM: Java HotSpot(TM) 64-Bit Server VM (25.5-b02 mixed mode windows-amd64 compressed oops)
# Problematic frame:
# C  0xffffffffa3395120
#
# Failed to write core dump. Minidumps are not enabled by default on client versions of Windows
#
# If you would like to submit a bug report, please visit:
#   http://bugreport.sun.com/bugreport/crash.jsp
#

---------------  T H R E A D  ---------------

Current thread (0x00000000021b2800):  JavaThread "main" [_thread_in_Java, id=6332, stack(0x0000000001fd0000,0x00000000020d0000)]

siginfo: ExceptionCode=0xc0000005, ExceptionInformation=0x0000000000000008 0xffffffffa3395120

Registers:
RAX=0x0000000000009db8, RBX=0x0000000015a5db08, RCX=0x000000000000001d, RDX=0x00000000e01487d0
RSP=0x00000000020ce368, RBP=0x00000000020ce538, RSI=0x00000000e02cd520, RDI=0x000000000000cb6c
R8 =0x000000000000cb6c, R9 =0x000000000000001d, R10=0x00000000e02cd550, R11=0x00000000e01487d0
R12=0x0000000000000000, R13=0x000000000000cbe2, R14=0x00000000e02cd568, R15=0x00000000021b2800
RIP=0xffffffffa3395120, EFLAGS=0x0000000000010206

Top of Stack: (sp=0x00000000020ce368)
0x00000000020ce368:   000000000259e1ac 0000000000000000
0x00000000020ce378:   0000000015a59fd0 00000000021c6730
0x00000000020ce388:   00000000e013d770 0000000000000023
0x00000000020ce398:   0000000000000000 0000000000000000
0x00000000020ce3a8:   00000000021b2800 0000000000000000
0x00000000020ce3b8:   0000000015a59c90 00000000021b2800
0x00000000020ce3c8:   0000000015a59c90 00000000021b2800
0x00000000020ce3d8:   00000000020ce4f8 00000000023ac205
0x00000000020ce3e8:   0000000002395410 0000000000000000
0x00000000020ce3f8:   00000000020ce538 00000000020ce4f8
0x00000000020ce408:   000000001568f905 00000000020ce478
0x00000000020ce418:   00000000021b2800 0000cb7c0000cb60
0x00000000020ce428:   00000000e013d7c8 00000000e013dc00
0x00000000020ce438:   00000000e013dc38 0000cba20000cbc9
0x00000000020ce448:   0000cb7d0000cbe6 000000000000cb8e
0x00000000020ce458:   00000000e013d508 00000000e02cd050 

Instructions: (pc=0xffffffffa3395120)
0xffffffffa3395100:   
[error occurred during error reporting (printing registers, top of stack, instructions near pc), id 0xc0000005]

Register to memory mapping:

RAX=0x0000000000009db8 is an unknown value
RBX=0x0000000015a5db08 is an unknown value
RCX=0x000000000000001d is an unknown value
RDX=0x00000000e01487d0 is an oop
[B 
 - klass: {type array byte}
 - length: 1537438
RSP=0x00000000020ce368 is pointing into the stack for thread: 0x00000000021b2800
RBP=0x00000000020ce538 is pointing into the stack for thread: 0x00000000021b2800
RSI=0x00000000e02cd520 is an oop
com.sun.tools.javac.file.ZipFileIndex$Entry 
 - klass: 'com/sun/tools/javac/file/ZipFileIndex$Entry'
RDI=0x000000000000cb6c is an unknown value
R8 =0x000000000000cb6c is an unknown value
R9 =0x000000000000001d is an unknown value
R10=0x00000000e02cd550 is an oop
java.lang.String 
 - klass: 'java/lang/String'
R11=0x00000000e01487d0 is an oop
[B 
 - klass: {type array byte}
 - length: 1537438
R12=0x0000000000000000 is an unknown value
R13=0x000000000000cbe2 is an unknown value
R14=0x00000000e02cd568 is an oop
[C 
 - klass: {type array char}
 - length: 29
R15=0x00000000021b2800 is a thread


Stack: [0x0000000001fd0000,0x00000000020d0000],  sp=0x00000000020ce368,  free space=1016k
Native frames: (J=compiled Java code, j=interpreted, Vv=VM code, C=native code)
C  0xffffffffa3395120


---------------  P R O C E S S  ---------------

Java Threads: ( => current thread )
  0x000000001756c800 JavaThread "Service Thread" daemon [_thread_blocked, id=316, stack(0x0000000017950000,0x0000000017a50000)]
  0x0000000015d0e000 JavaThread "C1 CompilerThread2" daemon [_thread_blocked, id=6312, stack(0x0000000017450000,0x0000000017550000)]
  0x0000000015cff800 JavaThread "C2 CompilerThread1" daemon [_thread_blocked, id=2324, stack(0x0000000017350000,0x0000000017450000)]
  0x0000000015cfc000 JavaThread "C2 CompilerThread0" daemon [_thread_in_native, id=3416, stack(0x0000000017250000,0x0000000017350000)]
  0x0000000015cfa800 JavaThread "Attach Listener" daemon [_thread_blocked, id=2584, stack(0x0000000017150000,0x0000000017250000)]
  0x0000000015cf9800 JavaThread "Signal Dispatcher" daemon [_thread_blocked, id=4800, stack(0x0000000017050000,0x0000000017150000)]
  0x00000000022a4800 JavaThread "Finalizer" daemon [_thread_blocked, id=5144, stack(0x0000000016f50000,0x0000000017050000)]
  0x0000000002298800 JavaThread "Reference Handler" daemon [_thread_blocked, id=4408, stack(0x0000000016e50000,0x0000000016f50000)]
=>0x00000000021b2800 JavaThread "main" [_thread_in_Java, id=6332, stack(0x0000000001fd0000,0x00000000020d0000)]

Other Threads:
  0x0000000015cc5800 VMThread [stack: 0x0000000016d50000,0x0000000016e50000] [id=4180]
  0x0000000017577000 WatcherThread [stack: 0x0000000017a50000,0x0000000017b50000] [id=1948]

VM state:not at safepoint (normal execution)

VM Mutex/Monitor currently owned by a thread: None

Heap:
 PSYoungGen      total 5120K, used 3899K [0x00000000e0000000, 0x00000000e0b00000, 0x0000000100000000)
  eden space 4096K, 70% used [0x00000000e0000000,0x00000000e02cef58,0x00000000e0400000)
  from space 1024K, 100% used [0x00000000e0400000,0x00000000e0500000,0x00000000e0500000)
  to   space 1536K, 0% used [0x00000000e0980000,0x00000000e0980000,0x00000000e0b00000)
 ParOldGen       total 6656K, used 1155K [0x00000000a0000000, 0x00000000a0680000, 0x00000000e0000000)
  object space 6656K, 17% used [0x00000000a0000000,0x00000000a0120ce0,0x00000000a0680000)
 Metaspace       used 7249K, capacity 8116K, committed 8448K, reserved 1056768K
  class space    used 893K, capacity 944K, committed 1024K, reserved 1048576K

Card table byte_map: [0x0000000011750000,0x0000000011a60000] byte_map_base: 0x0000000011250000

Marking Bits: (ParMarkBitMap*) 0x0000000055a713b0
 Begin Bits: [0x0000000012060000, 0x0000000013860000)
 End Bits:   [0x0000000013860000, 0x0000000015060000)

Polling page: 0x0000000000730000

CodeCache: size=245760Kb used=2142Kb max_used=2154Kb free=243617Kb
 bounds [0x0000000002390000, 0x0000000002600000, 0x0000000011390000]
 total_blobs=729 nmethods=439 adapters=205
 compilation: enabled

Compilation events (10 events):
Event: 0.582 Thread 0x0000000015d0e000  435       3       com.sun.tools.javac.file.RelativePath$RelativeDirectory::<init> (44 bytes)
Event: 0.583 Thread 0x0000000015cff800  438       4       java.util.HashMap::getNode (148 bytes)
Event: 0.583 Thread 0x0000000015d0e000 nmethod 435 0x00000000025a4d10 code [0x00000000025a4f00, 0x00000000025a59f8]
Event: 0.583 Thread 0x0000000015d0e000  437       3       com.sun.tools.javac.file.RelativePath::hashCode (8 bytes)
Event: 0.583 Thread 0x0000000015d0e000 nmethod 437 0x00000000025a5ed0 code [0x00000000025a6040, 0x00000000025a6248]
Event: 0.583 Thread 0x0000000015d0e000  428       1       com.sun.tools.javac.file.RelativePath::getPath (5 bytes)
Event: 0.584 Thread 0x0000000015d0e000 nmethod 428 0x00000000025a8fd0 code [0x00000000025a9120, 0x00000000025a9230]
Event: 0.584 Thread 0x0000000015d0e000  440       3       java.util.HashMap::resize (359 bytes)
Event: 0.584 Thread 0x0000000015cfc000 nmethod 436 0x00000000025a9290 code [0x00000000025a93c0, 0x00000000025a9498]
Event: 0.584 Thread 0x0000000015cfc000  439 %     4       com.sun.tools.javac.file.ZipFileIndex$ZipDirectory::readEntry @ 102 (587 bytes)

GC Heap History (10 events):
Event: 0.188 GC heap before
{Heap before GC invocations=3 (full 0):
 PSYoungGen      total 1536K, used 1536K [0x00000000e0000000, 0x00000000e0200000, 0x0000000100000000)
  eden space 1024K, 100% used [0x00000000e0000000,0x00000000e0100000,0x00000000e0100000)
  from space 512K, 100% used [0x00000000e0180000,0x00000000e0200000,0x00000000e0200000)
  to   space 512K, 0% used [0x00000000e0100000,0x00000000e0100000,0x00000000e0180000)
 ParOldGen       total 6656K, used 48K [0x00000000a0000000, 0x00000000a0680000, 0x00000000e0000000)
  object space 6656K, 0% used [0x00000000a0000000,0x00000000a000c000,0x00000000a0680000)
 Metaspace       used 3430K, capacity 4940K, committed 5120K, reserved 1056768K
  class space    used 396K, capacity 456K, committed 512K, reserved 1048576K
Event: 0.190 GC heap after
Heap after GC invocations=3 (full 0):
 PSYoungGen      total 1536K, used 480K [0x00000000e0000000, 0x00000000e0300000, 0x0000000100000000)
  eden space 1024K, 0% used [0x00000000e0000000,0x00000000e0000000,0x00000000e0100000)
  from space 512K, 93% used [0x00000000e0100000,0x00000000e0178020,0x00000000e0180000)
  to   space 512K, 0% used [0x00000000e0280000,0x00000000e0280000,0x00000000e0300000)
 ParOldGen       total 6656K, used 192K [0x00000000a0000000, 0x00000000a0680000, 0x00000000e0000000)
  object space 6656K, 2% used [0x00000000a0000000,0x00000000a0030000,0x00000000a0680000)
 Metaspace       used 3430K, capacity 4940K, committed 5120K, reserved 1056768K
  class space    used 396K, capacity 456K, committed 512K, reserved 1048576K
}
Event: 0.228 GC heap before
{Heap before GC invocations=4 (full 0):
 PSYoungGen      total 1536K, used 1504K [0x00000000e0000000, 0x00000000e0300000, 0x0000000100000000)
  eden space 1024K, 100% used [0x00000000e0000000,0x00000000e0100000,0x00000000e0100000)
  from space 512K, 93% used [0x00000000e0100000,0x00000000e0178020,0x00000000e0180000)
  to   space 512K, 0% used [0x00000000e0280000,0x00000000e0280000,0x00000000e0300000)
 ParOldGen       total 6656K, used 192K [0x00000000a0000000, 0x00000000a0680000, 0x00000000e0000000)
  object space 6656K, 2% used [0x00000000a0000000,0x00000000a0030000,0x00000000a0680000)
 Metaspace       used 3986K, capacity 5324K, committed 5504K, reserved 1056768K
  class space    used 477K, capacity 520K, committed 640K, reserved 1048576K
Event: 0.230 GC heap after
Heap after GC invocations=4 (full 0):
 PSYoungGen      total 2560K, used 496K [0x00000000e0000000, 0x00000000e0300000, 0x0000000100000000)
  eden space 2048K, 0% used [0x00000000e0000000,0x00000000e0000000,0x00000000e0200000)
  from space 512K, 96% used [0x00000000e0280000,0x00000000e02fc010,0x00000000e0300000)
  to   space 512K, 0% used [0x00000000e0200000,0x00000000e0200000,0x00000000e0280000)
 ParOldGen       total 6656K, used 264K [0x00000000a0000000, 0x00000000a0680000, 0x00000000e0000000)
  object space 6656K, 3% used [0x00000000a0000000,0x00000000a0042000,0x00000000a0680000)
 Metaspace       used 3986K, capacity 5324K, committed 5504K, reserved 1056768K
  class space    used 477K, capacity 520K, committed 640K, reserved 1048576K
}
Event: 0.290 GC heap before
{Heap before GC invocations=5 (full 0):
 PSYoungGen      total 2560K, used 2544K [0x00000000e0000000, 0x00000000e0300000, 0x0000000100000000)
  eden space 2048K, 100% used [0x00000000e0000000,0x00000000e0200000,0x00000000e0200000)
  from space 512K, 96% used [0x00000000e0280000,0x00000000e02fc010,0x00000000e0300000)
  to   space 512K, 0% used [0x00000000e0200000,0x00000000e0200000,0x00000000e0280000)
 ParOldGen       total 6656K, used 264K [0x00000000a0000000, 0x00000000a0680000, 0x00000000e0000000)
  object space 6656K, 3% used [0x00000000a0000000,0x00000000a0042000,0x00000000a0680000)
 Metaspace       used 4660K, capacity 5900K, committed 6016K, reserved 1056768K
  class space    used 565K, capacity 584K, committed 640K, reserved 1048576K
Event: 0.293 GC heap after
Heap after GC invocations=5 (full 0):
 PSYoungGen      total 2560K, used 496K [0x00000000e0000000, 0x00000000e0600000, 0x0000000100000000)
  eden space 2048K, 0% used [0x00000000e0000000,0x00000000e0000000,0x00000000e0200000)
  from space 512K, 96% used [0x00000000e0200000,0x00000000e027c010,0x00000000e0280000)
  to   space 1024K, 0% used [0x00000000e0500000,0x00000000e0500000,0x00000000e0600000)
 ParOldGen       total 6656K, used 716K [0x00000000a0000000, 0x00000000a0680000, 0x00000000e0000000)
  object space 6656K, 10% used [0x00000000a0000000,0x00000000a00b3030,0x00000000a0680000)
 Metaspace       used 4660K, capacity 5900K, committed 6016K, reserved 1056768K
  class space    used 565K, capacity 584K, committed 640K, reserved 1048576K
}
Event: 0.357 GC heap before
{Heap before GC invocations=6 (full 0):
 PSYoungGen      total 2560K, used 2535K [0x00000000e0000000, 0x00000000e0600000, 0x0000000100000000)
  eden space 2048K, 99% used [0x00000000e0000000,0x00000000e01fde38,0x00000000e0200000)
  from space 512K, 96% used [0x00000000e0200000,0x00000000e027c010,0x00000000e0280000)
  to   space 1024K, 0% used [0x00000000e0500000,0x00000000e0500000,0x00000000e0600000)
 ParOldGen       total 6656K, used 716K [0x00000000a0000000, 0x00000000a0680000, 0x00000000e0000000)
  object space 6656K, 10% used [0x00000000a0000000,0x00000000a00b3030,0x00000000a0680000)
 Metaspace       used 5261K, capacity 6540K, committed 6656K, reserved 1056768K
  class space    used 672K, capacity 712K, committed 768K, reserved 1048576K
Event: 0.359 GC heap after
Heap after GC invocations=6 (full 0):
 PSYoungGen      total 5120K, used 608K [0x00000000e0000000, 0x00000000e0600000, 0x0000000100000000)
  eden space 4096K, 0% used [0x00000000e0000000,0x00000000e0000000,0x00000000e0400000)
  from space 1024K, 59% used [0x00000000e0500000,0x00000000e0598020,0x00000000e0600000)
  to   space 1024K, 0% used [0x00000000e0400000,0x00000000e0400000,0x00000000e0500000)
 ParOldGen       total 6656K, used 724K [0x00000000a0000000, 0x00000000a0680000, 0x00000000e0000000)
  object space 6656K, 10% used [0x00000000a0000000,0x00000000a00b5030,0x00000000a0680000)
 Metaspace       used 5261K, capacity 6540K, committed 6656K, reserved 1056768K
  class space    used 672K, capacity 712K, committed 768K, reserved 1048576K
}
Event: 0.503 GC heap before
{Heap before GC invocations=7 (full 0):
 PSYoungGen      total 5120K, used 4703K [0x00000000e0000000, 0x00000000e0600000, 0x0000000100000000)
  eden space 4096K, 99% used [0x00000000e0000000,0x00000000e03fffc0,0x00000000e0400000)
  from space 1024K, 59% used [0x00000000e0500000,0x00000000e0598020,0x00000000e0600000)
  to   space 1024K, 0% used [0x00000000e0400000,0x00000000e0400000,0x00000000e0500000)
 ParOldGen       total 6656K, used 724K [0x00000000a0000000, 0x00000000a0680000, 0x00000000e0000000)
  object space 6656K, 10% used [0x00000000a0000000,0x00000000a00b5030,0x00000000a0680000)
 Metaspace       used 6728K, capacity 7732K, committed 7808K, reserved 1056768K
  class space    used 844K, capacity 880K, committed 896K, reserved 1048576K
Event: 0.507 GC heap after
Heap after GC invocations=7 (full 0):
 PSYoungGen      total 5120K, used 1024K [0x00000000e0000000, 0x00000000e0b00000, 0x0000000100000000)
  eden space 4096K, 0% used [0x00000000e0000000,0x00000000e0000000,0x00000000e0400000)
  from space 1024K, 100% used [0x00000000e0400000,0x00000000e0500000,0x00000000e0500000)
  to   space 1536K, 0% used [0x00000000e0980000,0x00000000e0980000,0x00000000e0b00000)
 ParOldGen       total 6656K, used 1155K [0x00000000a0000000, 0x00000000a0680000, 0x00000000e0000000)
  object space 6656K, 17% used [0x00000000a0000000,0x00000000a0120ce0,0x00000000a0680000)
 Metaspace       used 6728K, capacity 7732K, committed 7808K, reserved 1056768K
  class space    used 844K, capacity 880K, committed 896K, reserved 1048576K
}

Deoptimization events (0 events):
No events

Internal exceptions (10 events):
Event: 0.557 Thread 0x00000000021b2800 Exception <a 'java/security/PrivilegedActionException'> (0x00000000e00c0808) thrown at [D:\re\workspace\8-2-build-windows-amd64-cygwin\jdk8u5\2488\hotspot\src\share\vm\prims\jvm.cpp, line 1248]
Event: 0.558 Thread 0x00000000021b2800 Exception <a 'java/security/PrivilegedActionException'> (0x00000000e00c3648) thrown at [D:\re\workspace\8-2-build-windows-amd64-cygwin\jdk8u5\2488\hotspot\src\share\vm\prims\jvm.cpp, line 1248]
Event: 0.558 Thread 0x00000000021b2800 Exception <a 'java/security/PrivilegedActionException'> (0x00000000e00c5788) thrown at [D:\re\workspace\8-2-build-windows-amd64-cygwin\jdk8u5\2488\hotspot\src\share\vm\prims\jvm.cpp, line 1248]
Event: 0.558 Thread 0x00000000021b2800 Exception <a 'java/security/PrivilegedActionException'> (0x00000000e00c7d60) thrown at [D:\re\workspace\8-2-build-windows-amd64-cygwin\jdk8u5\2488\hotspot\src\share\vm\prims\jvm.cpp, line 1248]
Event: 0.558 Thread 0x00000000021b2800 Exception <a 'java/security/PrivilegedActionException'> (0x00000000e00c9868) thrown at [D:\re\workspace\8-2-build-windows-amd64-cygwin\jdk8u5\2488\hotspot\src\share\vm\prims\jvm.cpp, line 1248]
Event: 0.563 Thread 0x00000000021b2800 Exception <a 'java/security/PrivilegedActionException'> (0x00000000e00dc990) thrown at [D:\re\workspace\8-2-build-windows-amd64-cygwin\jdk8u5\2488\hotspot\src\share\vm\prims\jvm.cpp, line 1248]
Event: 0.563 Thread 0x00000000021b2800 Exception <a 'java/security/PrivilegedActionException'> (0x00000000e00df318) thrown at [D:\re\workspace\8-2-build-windows-amd64-cygwin\jdk8u5\2488\hotspot\src\share\vm\prims\jvm.cpp, line 1248]
Event: 0.565 Thread 0x00000000021b2800 Exception <a 'java/security/PrivilegedActionException'> (0x00000000e00ebd70) thrown at [D:\re\workspace\8-2-build-windows-amd64-cygwin\jdk8u5\2488\hotspot\src\share\vm\prims\jvm.cpp, line 1248]
Event: 0.567 Thread 0x00000000021b2800 Exception <a 'java/security/PrivilegedActionException'> (0x00000000e00f08a8) thrown at [D:\re\workspace\8-2-build-windows-amd64-cygwin\jdk8u5\2488\hotspot\src\share\vm\prims\jvm.cpp, line 1248]
Event: 0.567 Thread 0x00000000021b2800 Exception <a 'java/security/PrivilegedActionException'> (0x00000000e00f4da0) thrown at [D:\re\workspace\8-2-build-windows-amd64-cygwin\jdk8u5\2488\hotspot\src\share\vm\prims\jvm.cpp, line 1248]

Events (10 events):
Event: 0.575 loading class java/util/Arrays$LegacyMergeSort
Event: 0.575 loading class java/util/Arrays$LegacyMergeSort done
Event: 0.575 loading class sun/security/action/GetBooleanAction
Event: 0.575 loading class sun/security/action/GetBooleanAction done
Event: 0.575 loading class java/util/ComparableTimSort
Event: 0.576 loading class java/util/ComparableTimSort done
Event: 0.578 loading class java/io/RandomAccessFile$1
Event: 0.578 loading class java/io/RandomAccessFile$1 done
Event: 0.578 loading class java/lang/StringCoding$StringEncoder
Event: 0.578 loading class java/lang/StringCoding$StringEncoder done


Dynamic libraries:
0x00007ff7f6990000 - 0x00007ff7f6997000 	C:\Program Files\Java\jdk1.8.0_05\bin\javac.exe
0x00007fff83470000 - 0x00007fff83619000 	C:\Windows\SYSTEM32\ntdll.dll
0x00007fff822c0000 - 0x00007fff823fa000 	C:\Windows\system32\KERNEL32.DLL
0x00007fff7fc40000 - 0x00007fff7fd4f000 	C:\Windows\system32\KERNELBASE.dll
0x0000000055cb0000 - 0x0000000055cdc000 	C:\Program Files\Java\jdk1.8.0_05\bin\jli.dll
0x0000000055bd0000 - 0x0000000055ca2000 	C:\Program Files\Java\jdk1.8.0_05\bin\MSVCR100.dll
0x00007fff80880000 - 0x00007fff80925000 	C:\Windows\system32\ADVAPI32.dll
0x00007fff7d190000 - 0x00007fff7d3ea000 	C:\Windows\WinSxS\amd64_microsoft.windows.common-controls_6595b64144ccf1df_6.0.9600.16384_none_62475f7becb72503\COMCTL32.dll
0x00007fff80250000 - 0x00007fff803c1000 	C:\Windows\system32\USER32.dll
0x00007fff807d0000 - 0x00007fff80877000 	C:\Windows\system32\msvcrt.dll
0x00007fff7ff70000 - 0x00007fff7ffc7000 	C:\Windows\SYSTEM32\sechost.dll
0x00007fff81eb0000 - 0x00007fff81fe6000 	C:\Windows\system32\RPCRT4.dll
0x00007fff82170000 - 0x00007fff822b5000 	C:\Windows\system32\GDI32.dll
0x00007fff80990000 - 0x00007fff809c4000 	C:\Windows\system32\IMM32.DLL
0x00007fff7fdd0000 - 0x00007fff7ff09000 	C:\Windows\system32\MSCTF.dll
0x0000000055af0000 - 0x0000000055bc2000 	C:\Program Files\Java\jdk1.8.0_05\jre\bin\msvcr100.dll
0x00000000552c0000 - 0x0000000055aea000 	C:\Program Files\Java\jdk1.8.0_05\jre\bin\server\jvm.dll
0x00007fff78e30000 - 0x00007fff78e39000 	C:\Windows\SYSTEM32\WSOCK32.dll
0x00007fff7d470000 - 0x00007fff7d48f000 	C:\Windows\SYSTEM32\WINMM.dll
0x00007fff7fd60000 - 0x00007fff7fd67000 	C:\Windows\system32\PSAPI.DLL
0x00007fff7fd70000 - 0x00007fff7fdc8000 	C:\Windows\system32\WS2_32.dll
0x00007fff7d150000 - 0x00007fff7d17a000 	C:\Windows\SYSTEM32\WINMMBASE.dll
0x00007fff7fd50000 - 0x00007fff7fd59000 	C:\Windows\system32\NSI.dll
0x00007fff7fbf0000 - 0x00007fff7fc3a000 	C:\Windows\SYSTEM32\cfgmgr32.dll
0x00007fff7e6c0000 - 0x00007fff7e6e6000 	C:\Windows\SYSTEM32\DEVOBJ.dll
0x0000000056b20000 - 0x0000000056b2f000 	C:\Program Files\Java\jdk1.8.0_05\jre\bin\verify.dll
0x0000000055290000 - 0x00000000552b8000 	C:\Program Files\Java\jdk1.8.0_05\jre\bin\java.dll
0x0000000055270000 - 0x0000000055286000 	C:\Program Files\Java\jdk1.8.0_05\jre\bin\zip.dll
0x00007fff80aa0000 - 0x00007fff81eae000 	C:\Windows\system32\SHELL32.dll
0x00007fff7ffd0000 - 0x00007fff801a7000 	C:\Windows\SYSTEM32\combase.dll
0x00007fff7ff10000 - 0x00007fff7ff61000 	C:\Windows\system32\SHLWAPI.dll
0x00007fff7e400000 - 0x00007fff7e4a1000 	C:\Windows\SYSTEM32\SHCORE.dll
0x00007fff7f840000 - 0x00007fff7f854000 	C:\Windows\SYSTEM32\profapi.dll
0x00007fff6e5e0000 - 0x00007fff6e768000 	C:\Windows\SYSTEM32\dbghelp.dll

VM Arguments:
jvm_args: -Denv.class.path=C:\cygwin64\home\Mischa\Programming\java\Packages\jaf-1.1.1\activation.jar;\home\Mischa\Programming\java\Packages\javamail-1.4.7\mail.jar -Dapplication.home=C:\Program Files\Java\jdk1.8.0_05 -Xms8m 
java_command: com.sun.tools.javac.Main -d bin/ -target 1.7 -source 1.7 src/DrawingShapesAndColorsApplet.java src/DrawingShapesAndColorsNoResetApplet.java src/HelloWorldApplet.java
java_class_path (initial): C:\Program Files\Java\jdk1.8.0_05/lib/tools.jar;C:\Program Files\Java\jdk1.8.0_05/classes
Launcher Type: SUN_STANDARD

Environment Variables:
CLASSPATH=C:\cygwin64\home\Mischa\Programming\java\Packages\jaf-1.1.1\activation.jar;\home\Mischa\Programming\java\Packages\javamail-1.4.7\mail.jar
PATH=C:\cygwin64\usr\local\bin;C:\cygwin64\bin;C:\Program Files (x86)\NVIDIA Corporation\PhysX\Common;C:\Windows\system32;C:\Windows;C:\Windows\System32\Wbem;C:\Windows\System32\WindowsPowerShell\v1.0;C:\Program Files (x86)\QuickTime\QTSystem;C:\Program Files\MiKTeX 2.9\miktex\bin\x64;C:\Program Files\Java\jdk1.8.0_05\bin;C:\Program Files\Python-2.7.8;C:\Program Files (x86)\Notepad++;C:\cygwin64\lib\lapack
USERNAME=Mischa
SHELL=/bin/bash
OS=Windows_NT
PROCESSOR_IDENTIFIER=Intel64 Family 6 Model 15 Stepping 11, GenuineIntel



---------------  S Y S T E M  ---------------

OS: Windows 8.1 , 64 bit Build 9600 

CPU:total 4 (4 cores per cpu, 1 threads per core) family 6 model 15 stepping 11, cmov, cx8, fxsr, mmx, sse, sse2, sse3, ssse3, tsc

Memory: 4k page, physical 6289716k(3244940k free), swap 7338548k(3951252k free)

vm_info: Java HotSpot(TM) 64-Bit Server VM (25.5-b02) for windows-amd64 JRE (1.8.0_05-b13), built on Mar 18 2014 01:08:39 by "java_re" with MS VC++ 10.0 (VS2010)

time: Wed Jul 30 21:40:15 2014
elapsed time: 0 seconds

